<?xml version="1.0" encoding="UTF-8"?>
<!-- Generated by org.testng.reporters.JUnitReportReporter -->
<testsuite hostname="DESKTOP-KM4N9QS" failures="0" tests="1" name="com.mystore.testcases.TC_Loginpagetest" time="1.207" errors="0" timestamp="2024-03-17T12:32:49 IST" skipped="0">
  <testcase classname="com.mystore.testcases.TC_Loginpagetest" name="VerifyLogin" time="1.207"/>
  <system-out/>
</testsuite> <!-- com.mystore.testcases.TC_Loginpagetest -->
