<?xml version="1.0" encoding="UTF-8"?>
<!-- Generated by org.testng.reporters.JUnitReportReporter -->
<testsuite hostname="DESKTOP-KM4N9QS" failures="0" tests="1" name="com.mystore.testcases.TC_HomePageTest" time="5.345" errors="0" timestamp="2024-03-23T11:50:16 IST" skipped="0">
  <testcase classname="com.mystore.testcases.TC_HomePageTest" name="verifyHomepagelabels" time="5.345"/>
  <system-out/>
</testsuite> <!-- com.mystore.testcases.TC_HomePageTest -->
