<?xml version="1.0" encoding="UTF-8"?>
<!-- Generated by org.testng.reporters.JUnitReportReporter -->
<testsuite hostname="DESKTOP-KM4N9QS" failures="0" tests="1" name="com.mystore.testcases.TC_IndexPageTest" time="1.218" errors="0" timestamp="2024-03-17T12:32:49 IST" skipped="0">
  <testcase classname="com.mystore.testcases.TC_IndexPageTest" name="verifyRegistrationAndLogin" time="1.218"/>
  <system-out/>
</testsuite> <!-- com.mystore.testcases.TC_IndexPageTest -->
